[ 2022-12-04 14:51:43,819 ] 4 root - INFO - importing environment variables from .env files
[ 2022-12-04 14:51:44,722 ] 20 root - INFO - Exporting collection data as pandas dataframe
[ 2022-12-04 14:51:44,723 ] 20 root - INFO - Reading Data from Database aps and Collection sensor
[ 2022-12-04 14:51:47,998 ] 22 root - INFO - Found columns: Index(['_id', 'class', 'aa_000', 'ab_000', 'ac_000', 'ad_000', 'ae_000',
       'af_000', 'ag_000', 'ag_001',
       ...
       'ee_002', 'ee_003', 'ee_004', 'ee_005', 'ee_006', 'ee_007', 'ee_008',
       'ee_009', 'ef_000', 'eg_000'],
      dtype='object', length=172)
[ 2022-12-04 14:51:47,998 ] 24 root - INFO - Dropping id column from the dataframe
[ 2022-12-04 14:51:48,189 ] 26 root - INFO - Rows and columns: (36188, 171)
[ 2022-12-04 14:51:48,742 ] 29 root - INFO - Create feature store folder if not available
[ 2022-12-04 14:51:51,140 ] 36 root - INFO - split dataset into train and test set
[ 2022-12-04 14:51:51,678 ] 40 root - INFO - Create dataset directory if not exist
[ 2022-12-04 14:51:51,679 ] 45 root - INFO - Save df to feature store folder
[ 2022-12-04 14:51:53,811 ] 58 root - INFO - Data ingestion artifact: DataIngestionArtifact(feature_store_file_path='/config/workspace/artifact/12042022__145144/data_ingestion/feature_store/sensor.csv', train_file_path='/config/workspace/artifact/12042022__145144/data_ingestion/dataset/train.csv', test_file_path='/config/workspace/artifact/12042022__145144/data_ingestion/dataset/test.csv')
[ 2022-12-04 14:51:54,162 ] 17 root - INFO - >>>>>>>>>>>>>>>>>>>>>>>>>>>>>>>>>>>>>>>> Data Validation >>>>>>>>>>>>>>>>>>>>>>>>>>>>>>>>>>>>>>>>
[ 2022-12-04 14:51:54,162 ] 98 root - INFO - Reading base dataframe
[ 2022-12-04 14:51:56,987 ] 101 root - INFO - Replace na value in base df
[ 2022-12-04 14:51:56,987 ] 103 root - INFO - Drop null values colums from base df
[ 2022-12-04 14:51:57,962 ] 38 root - INFO - selecting column name which contains null above to 0.2
[ 2022-12-04 14:51:57,963 ] 42 root - INFO - Columns to drop: ['ab_000', 'ad_000', 'bk_000', 'bl_000', 'bm_000', 'bn_000', 'bo_000', 'bp_000', 'bq_000', 'br_000', 'cf_000', 'cg_000', 'ch_000', 'co_000', 'cr_000', 'ct_000', 'cu_000', 'cv_000', 'cx_000', 'cy_000', 'cz_000', 'da_000', 'db_000', 'dc_000']
[ 2022-12-04 14:51:58,045 ] 106 root - INFO - Reading train dataframe
[ 2022-12-04 14:51:58,412 ] 108 root - INFO - Reading test dataframe
[ 2022-12-04 14:51:58,511 ] 111 root - INFO - Drop null values colums from train df
[ 2022-12-04 14:51:58,522 ] 38 root - INFO - selecting column name which contains null above to 0.2
[ 2022-12-04 14:51:58,523 ] 42 root - INFO - Columns to drop: ['ab_000', 'ad_000', 'bk_000', 'bl_000', 'bm_000', 'bn_000', 'bo_000', 'bp_000', 'bq_000', 'br_000', 'cf_000', 'cg_000', 'ch_000', 'co_000', 'cr_000', 'ct_000', 'cu_000', 'cv_000', 'cx_000', 'cy_000', 'cz_000', 'da_000', 'db_000', 'dc_000']
[ 2022-12-04 14:51:58,532 ] 113 root - INFO - Drop null values colums from test df
[ 2022-12-04 14:51:58,536 ] 38 root - INFO - selecting column name which contains null above to 0.2
[ 2022-12-04 14:51:58,536 ] 42 root - INFO - Columns to drop: ['ab_000', 'ad_000', 'bk_000', 'bl_000', 'bm_000', 'bn_000', 'bo_000', 'bp_000', 'bq_000', 'br_000', 'cf_000', 'cg_000', 'ch_000', 'co_000', 'cr_000', 'ct_000', 'cu_000', 'cv_000', 'cx_000', 'cy_000', 'cz_000', 'da_000', 'db_000', 'dc_000']
[ 2022-12-04 14:51:58,538 ] 117 root - INFO - Is all required columns present in train df
[ 2022-12-04 14:51:58,539 ] 119 root - INFO - Is all required columns present in test df
[ 2022-12-04 14:51:58,539 ] 131 root - INFO - Write reprt in yaml file
[ 2022-12-04 14:51:58,545 ] 135 root - INFO - Data validation artifact: DataValidationArtifact(report_file_path='/config/workspace/artifact/12042022__145144/data_validation/report.yaml')
