[ 2022-12-04 15:02:28,199 ] 4 root - INFO - importing environment variables from .env files
[ 2022-12-04 15:02:29,136 ] 20 root - INFO - Exporting collection data as pandas dataframe
[ 2022-12-04 15:02:29,136 ] 20 root - INFO - Reading Data from Database aps and Collection sensor
[ 2022-12-04 15:02:32,689 ] 22 root - INFO - Found columns: Index(['_id', 'class', 'aa_000', 'ab_000', 'ac_000', 'ad_000', 'ae_000',
       'af_000', 'ag_000', 'ag_001',
       ...
       'ee_002', 'ee_003', 'ee_004', 'ee_005', 'ee_006', 'ee_007', 'ee_008',
       'ee_009', 'ef_000', 'eg_000'],
      dtype='object', length=172)
[ 2022-12-04 15:02:32,689 ] 24 root - INFO - Dropping id column from the dataframe
[ 2022-12-04 15:02:32,882 ] 26 root - INFO - Rows and columns: (36188, 171)
[ 2022-12-04 15:02:33,403 ] 29 root - INFO - Create feature store folder if not available
[ 2022-12-04 15:02:36,027 ] 36 root - INFO - split dataset into train and test set
[ 2022-12-04 15:02:36,519 ] 40 root - INFO - Create dataset directory if not exist
[ 2022-12-04 15:02:36,519 ] 45 root - INFO - Save df to feature store folder
[ 2022-12-04 15:02:38,970 ] 58 root - INFO - Data ingestion artifact: DataIngestionArtifact(feature_store_file_path='/config/workspace/artifact/12042022__150229/data_ingestion/feature_store/sensor.csv', train_file_path='/config/workspace/artifact/12042022__150229/data_ingestion/dataset/train.csv', test_file_path='/config/workspace/artifact/12042022__150229/data_ingestion/dataset/test.csv')
[ 2022-12-04 15:02:39,443 ] 17 root - INFO - >>>>>>>>>>>>>>>>>>>>>>>>>>>>>>>>>>>>>>>> Data Validation >>>>>>>>>>>>>>>>>>>>>>>>>>>>>>>>>>>>>>>>
[ 2022-12-04 15:02:39,444 ] 98 root - INFO - Reading base dataframe
[ 2022-12-04 15:02:42,411 ] 101 root - INFO - Replace na value in base df
[ 2022-12-04 15:02:42,411 ] 103 root - INFO - Drop null values colums from base df
[ 2022-12-04 15:02:43,406 ] 38 root - INFO - selecting column name which contains null above to 0.2
[ 2022-12-04 15:02:43,406 ] 42 root - INFO - Columns to drop: ['ab_000', 'ad_000', 'bk_000', 'bl_000', 'bm_000', 'bn_000', 'bo_000', 'bp_000', 'bq_000', 'br_000', 'cf_000', 'cg_000', 'ch_000', 'co_000', 'cr_000', 'ct_000', 'cu_000', 'cv_000', 'cx_000', 'cy_000', 'cz_000', 'da_000', 'db_000', 'dc_000']
[ 2022-12-04 15:02:43,527 ] 106 root - INFO - Reading train dataframe
[ 2022-12-04 15:02:43,918 ] 108 root - INFO - Reading test dataframe
[ 2022-12-04 15:02:44,021 ] 111 root - INFO - Drop null values colums from train df
[ 2022-12-04 15:02:44,034 ] 38 root - INFO - selecting column name which contains null above to 0.2
[ 2022-12-04 15:02:44,034 ] 42 root - INFO - Columns to drop: ['ab_000', 'ad_000', 'bk_000', 'bl_000', 'bm_000', 'bn_000', 'bo_000', 'bp_000', 'bq_000', 'br_000', 'cf_000', 'cg_000', 'ch_000', 'co_000', 'cr_000', 'ct_000', 'cu_000', 'cv_000', 'cx_000', 'cy_000', 'cz_000', 'da_000', 'db_000', 'dc_000']
[ 2022-12-04 15:02:44,043 ] 113 root - INFO - Drop null values colums from test df
[ 2022-12-04 15:02:44,047 ] 38 root - INFO - selecting column name which contains null above to 0.2
[ 2022-12-04 15:02:44,047 ] 42 root - INFO - Columns to drop: ['ab_000', 'ad_000', 'bk_000', 'bl_000', 'bm_000', 'bn_000', 'bo_000', 'bp_000', 'bq_000', 'br_000', 'cf_000', 'cg_000', 'ch_000', 'co_000', 'cr_000', 'ct_000', 'cu_000', 'cv_000', 'cx_000', 'cy_000', 'cz_000', 'da_000', 'db_000', 'dc_000']
[ 2022-12-04 15:02:50,048 ] 122 root - INFO - Is all required columns present in train df
[ 2022-12-04 15:02:50,048 ] 124 root - INFO - Is all required columns present in test df
[ 2022-12-04 15:02:50,048 ] 136 root - INFO - Write reprt in yaml file
[ 2022-12-04 15:02:50,056 ] 140 root - INFO - Data validation artifact: DataValidationArtifact(report_file_path='/config/workspace/artifact/12042022__150229/data_validation/report.yaml')
