[ 2022-12-06 21:55:57,070 ] 4 root - INFO - importing environment variables from .env files
[ 2022-12-06 21:55:58,075 ] 20 root - INFO - Exporting collection data as pandas dataframe
[ 2022-12-06 21:55:58,075 ] 20 root - INFO - Reading Data from Database aps and Collection sensor
[ 2022-12-06 21:56:01,887 ] 22 root - INFO - Found columns: Index(['_id', 'class', 'aa_000', 'ab_000', 'ac_000', 'ad_000', 'ae_000',
       'af_000', 'ag_000', 'ag_001',
       ...
       'ee_002', 'ee_003', 'ee_004', 'ee_005', 'ee_006', 'ee_007', 'ee_008',
       'ee_009', 'ef_000', 'eg_000'],
      dtype='object', length=172)
[ 2022-12-06 21:56:01,887 ] 24 root - INFO - Dropping id column from the dataframe
[ 2022-12-06 21:56:02,192 ] 26 root - INFO - Rows and columns: (36188, 171)
[ 2022-12-06 21:56:02,978 ] 29 root - INFO - Create feature store folder if not available
[ 2022-12-06 21:56:05,623 ] 36 root - INFO - split dataset into train and test set
[ 2022-12-06 21:56:06,373 ] 40 root - INFO - Create dataset directory if not exist
[ 2022-12-06 21:56:06,373 ] 45 root - INFO - Save df to feature store folder
[ 2022-12-06 21:56:08,646 ] 58 root - INFO - Data ingestion artifact: DataIngestionArtifact(feature_store_file_path='/config/workspace/artifact/12062022__215558/data_ingestion/feature_store/sensor.csv', train_file_path='/config/workspace/artifact/12062022__215558/data_ingestion/dataset/train.csv', test_file_path='/config/workspace/artifact/12062022__215558/data_ingestion/dataset/test.csv')
[ 2022-12-06 21:56:09,106 ] 17 root - INFO - >>>>>>>>>>>>>>>>>>>>>>>>>>>>>>>>>>>>>>>> Data Validation >>>>>>>>>>>>>>>>>>>>>>>>>>>>>>>>>>>>>>>>
[ 2022-12-06 21:56:09,107 ] 105 root - INFO - Reading base dataframe
[ 2022-12-06 21:56:12,028 ] 108 root - INFO - Replace na value in base df
[ 2022-12-06 21:56:12,029 ] 110 root - INFO - Drop null values colums from base df
[ 2022-12-06 21:56:12,947 ] 38 root - INFO - selecting column name which contains null above to 0.2
[ 2022-12-06 21:56:12,947 ] 42 root - INFO - Columns to drop: ['ab_000', 'ad_000', 'bk_000', 'bl_000', 'bm_000', 'bn_000', 'bo_000', 'bp_000', 'bq_000', 'br_000', 'cf_000', 'cg_000', 'ch_000', 'co_000', 'cr_000', 'ct_000', 'cu_000', 'cv_000', 'cx_000', 'cy_000', 'cz_000', 'da_000', 'db_000', 'dc_000']
[ 2022-12-06 21:56:13,027 ] 113 root - INFO - Reading train dataframe
[ 2022-12-06 21:56:13,414 ] 115 root - INFO - Reading test dataframe
[ 2022-12-06 21:56:13,515 ] 118 root - INFO - Drop null values colums from train df
[ 2022-12-06 21:56:13,527 ] 38 root - INFO - selecting column name which contains null above to 0.2
[ 2022-12-06 21:56:13,527 ] 42 root - INFO - Columns to drop: ['ab_000', 'ad_000', 'bk_000', 'bl_000', 'bm_000', 'bn_000', 'bo_000', 'bp_000', 'bq_000', 'br_000', 'cf_000', 'cg_000', 'ch_000', 'co_000', 'cr_000', 'ct_000', 'cu_000', 'cv_000', 'cx_000', 'cy_000', 'cz_000', 'da_000', 'db_000', 'dc_000']
[ 2022-12-06 21:56:13,536 ] 120 root - INFO - Drop null values colums from test df
[ 2022-12-06 21:56:13,540 ] 38 root - INFO - selecting column name which contains null above to 0.2
[ 2022-12-06 21:56:13,541 ] 42 root - INFO - Columns to drop: ['ab_000', 'ad_000', 'bk_000', 'bl_000', 'bm_000', 'bn_000', 'bo_000', 'bp_000', 'bq_000', 'br_000', 'cf_000', 'cg_000', 'ch_000', 'co_000', 'cr_000', 'ct_000', 'cu_000', 'cv_000', 'cx_000', 'cy_000', 'cz_000', 'da_000', 'db_000', 'dc_000']
[ 2022-12-06 21:56:13,543 ] 24 root - WARNING - Error occurred python script name [/config/workspace/sensor/components/data_validation.py] line number [123] error message [name 'TARGET_COLUMN' is not defined]
