[ 2022-12-06 21:54:06,439 ] 4 root - INFO - importing environment variables from .env files
[ 2022-12-06 21:54:07,381 ] 20 root - INFO - Exporting collection data as pandas dataframe
[ 2022-12-06 21:54:07,381 ] 20 root - INFO - Reading Data from Database aps and Collection sensor
[ 2022-12-06 21:54:10,913 ] 22 root - INFO - Found columns: Index(['_id', 'class', 'aa_000', 'ab_000', 'ac_000', 'ad_000', 'ae_000',
       'af_000', 'ag_000', 'ag_001',
       ...
       'ee_002', 'ee_003', 'ee_004', 'ee_005', 'ee_006', 'ee_007', 'ee_008',
       'ee_009', 'ef_000', 'eg_000'],
      dtype='object', length=172)
[ 2022-12-06 21:54:10,914 ] 24 root - INFO - Dropping id column from the dataframe
[ 2022-12-06 21:54:11,106 ] 26 root - INFO - Rows and columns: (36188, 171)
[ 2022-12-06 21:54:11,631 ] 29 root - INFO - Create feature store folder if not available
[ 2022-12-06 21:54:13,958 ] 36 root - INFO - split dataset into train and test set
[ 2022-12-06 21:54:14,480 ] 40 root - INFO - Create dataset directory if not exist
[ 2022-12-06 21:54:14,480 ] 45 root - INFO - Save df to feature store folder
[ 2022-12-06 21:54:16,577 ] 58 root - INFO - Data ingestion artifact: DataIngestionArtifact(feature_store_file_path='/config/workspace/artifact/12062022__215407/data_ingestion/feature_store/sensor.csv', train_file_path='/config/workspace/artifact/12062022__215407/data_ingestion/dataset/train.csv', test_file_path='/config/workspace/artifact/12062022__215407/data_ingestion/dataset/test.csv')
[ 2022-12-06 21:54:16,930 ] 17 root - INFO - >>>>>>>>>>>>>>>>>>>>>>>>>>>>>>>>>>>>>>>> Data Validation >>>>>>>>>>>>>>>>>>>>>>>>>>>>>>>>>>>>>>>>
[ 2022-12-06 21:54:16,930 ] 105 root - INFO - Reading base dataframe
[ 2022-12-06 21:54:19,712 ] 108 root - INFO - Replace na value in base df
[ 2022-12-06 21:54:19,712 ] 110 root - INFO - Drop null values colums from base df
[ 2022-12-06 21:54:20,581 ] 38 root - INFO - selecting column name which contains null above to 0.2
[ 2022-12-06 21:54:20,583 ] 42 root - INFO - Columns to drop: ['ab_000', 'ad_000', 'bk_000', 'bl_000', 'bm_000', 'bn_000', 'bo_000', 'bp_000', 'bq_000', 'br_000', 'cf_000', 'cg_000', 'ch_000', 'co_000', 'cr_000', 'ct_000', 'cu_000', 'cv_000', 'cx_000', 'cy_000', 'cz_000', 'da_000', 'db_000', 'dc_000']
[ 2022-12-06 21:54:20,662 ] 113 root - INFO - Reading train dataframe
[ 2022-12-06 21:54:21,036 ] 115 root - INFO - Reading test dataframe
[ 2022-12-06 21:54:21,132 ] 118 root - INFO - Drop null values colums from train df
[ 2022-12-06 21:54:21,143 ] 38 root - INFO - selecting column name which contains null above to 0.2
[ 2022-12-06 21:54:21,144 ] 42 root - INFO - Columns to drop: ['ab_000', 'ad_000', 'bk_000', 'bl_000', 'bm_000', 'bn_000', 'bo_000', 'bp_000', 'bq_000', 'br_000', 'cf_000', 'cg_000', 'ch_000', 'co_000', 'cr_000', 'ct_000', 'cu_000', 'cv_000', 'cx_000', 'cy_000', 'cz_000', 'da_000', 'db_000', 'dc_000']
[ 2022-12-06 21:54:21,153 ] 120 root - INFO - Drop null values colums from test df
[ 2022-12-06 21:54:21,157 ] 38 root - INFO - selecting column name which contains null above to 0.2
[ 2022-12-06 21:54:21,157 ] 42 root - INFO - Columns to drop: ['ab_000', 'ad_000', 'bk_000', 'bl_000', 'bm_000', 'bn_000', 'bo_000', 'bp_000', 'bq_000', 'br_000', 'cf_000', 'cg_000', 'ch_000', 'co_000', 'cr_000', 'ct_000', 'cu_000', 'cv_000', 'cx_000', 'cy_000', 'cz_000', 'da_000', 'db_000', 'dc_000']
[ 2022-12-06 21:54:27,001 ] 129 root - INFO - Is all required columns present in train df
[ 2022-12-06 21:54:27,001 ] 131 root - INFO - Is all required columns present in test df
[ 2022-12-06 21:54:27,001 ] 143 root - INFO - Write reprt in yaml file
[ 2022-12-06 21:54:27,006 ] 147 root - INFO - Data validation artifact: DataValidationArtifact(report_file_path='/config/workspace/artifact/12062022__215407/data_validation/report.yaml')
