[ 2022-12-06 22:01:14,998 ] 4 root - INFO - importing environment variables from .env files
[ 2022-12-06 22:01:15,949 ] 20 root - INFO - Exporting collection data as pandas dataframe
[ 2022-12-06 22:01:15,949 ] 20 root - INFO - Reading Data from Database aps and Collection sensor
[ 2022-12-06 22:01:19,747 ] 22 root - INFO - Found columns: Index(['_id', 'class', 'aa_000', 'ab_000', 'ac_000', 'ad_000', 'ae_000',
       'af_000', 'ag_000', 'ag_001',
       ...
       'ee_002', 'ee_003', 'ee_004', 'ee_005', 'ee_006', 'ee_007', 'ee_008',
       'ee_009', 'ef_000', 'eg_000'],
      dtype='object', length=172)
[ 2022-12-06 22:01:19,748 ] 24 root - INFO - Dropping id column from the dataframe
[ 2022-12-06 22:01:19,941 ] 26 root - INFO - Rows and columns: (36188, 171)
[ 2022-12-06 22:01:20,485 ] 29 root - INFO - Create feature store folder if not available
[ 2022-12-06 22:01:22,962 ] 36 root - INFO - split dataset into train and test set
[ 2022-12-06 22:01:23,526 ] 40 root - INFO - Create dataset directory if not exist
[ 2022-12-06 22:01:23,526 ] 45 root - INFO - Save df to feature store folder
[ 2022-12-06 22:01:25,708 ] 58 root - INFO - Data ingestion artifact: DataIngestionArtifact(feature_store_file_path='/config/workspace/artifact/12062022__220115/data_ingestion/feature_store/sensor.csv', train_file_path='/config/workspace/artifact/12062022__220115/data_ingestion/dataset/train.csv', test_file_path='/config/workspace/artifact/12062022__220115/data_ingestion/dataset/test.csv')
[ 2022-12-06 22:01:26,068 ] 18 root - INFO - >>>>>>>>>>>>>>>>>>>>>>>>>>>>>>>>>>>>>>>> Data Validation >>>>>>>>>>>>>>>>>>>>>>>>>>>>>>>>>>>>>>>>
[ 2022-12-06 22:01:26,069 ] 106 root - INFO - Reading base dataframe
[ 2022-12-06 22:01:28,898 ] 109 root - INFO - Replace na value in base df
[ 2022-12-06 22:01:28,899 ] 111 root - INFO - Drop null values colums from base df
[ 2022-12-06 22:01:29,816 ] 39 root - INFO - selecting column name which contains null above to 0.2
[ 2022-12-06 22:01:29,817 ] 43 root - INFO - Columns to drop: ['ab_000', 'ad_000', 'bk_000', 'bl_000', 'bm_000', 'bn_000', 'bo_000', 'bp_000', 'bq_000', 'br_000', 'cf_000', 'cg_000', 'ch_000', 'co_000', 'cr_000', 'ct_000', 'cu_000', 'cv_000', 'cx_000', 'cy_000', 'cz_000', 'da_000', 'db_000', 'dc_000']
[ 2022-12-06 22:01:29,897 ] 114 root - INFO - Reading train dataframe
[ 2022-12-06 22:01:30,267 ] 116 root - INFO - Reading test dataframe
[ 2022-12-06 22:01:30,364 ] 119 root - INFO - Drop null values colums from train df
[ 2022-12-06 22:01:30,376 ] 39 root - INFO - selecting column name which contains null above to 0.2
[ 2022-12-06 22:01:30,376 ] 43 root - INFO - Columns to drop: ['ab_000', 'ad_000', 'bk_000', 'bl_000', 'bm_000', 'bn_000', 'bo_000', 'bp_000', 'bq_000', 'br_000', 'cf_000', 'cg_000', 'ch_000', 'co_000', 'cr_000', 'ct_000', 'cu_000', 'cv_000', 'cx_000', 'cy_000', 'cz_000', 'da_000', 'db_000', 'dc_000']
[ 2022-12-06 22:01:30,385 ] 121 root - INFO - Drop null values colums from test df
[ 2022-12-06 22:01:30,389 ] 39 root - INFO - selecting column name which contains null above to 0.2
[ 2022-12-06 22:01:30,389 ] 43 root - INFO - Columns to drop: ['ab_000', 'ad_000', 'bk_000', 'bl_000', 'bm_000', 'bn_000', 'bo_000', 'bp_000', 'bq_000', 'br_000', 'cf_000', 'cg_000', 'ch_000', 'co_000', 'cr_000', 'ct_000', 'cu_000', 'cv_000', 'cx_000', 'cy_000', 'cz_000', 'da_000', 'db_000', 'dc_000']
[ 2022-12-06 22:01:36,339 ] 130 root - INFO - Is all required columns present in train df
[ 2022-12-06 22:01:36,339 ] 132 root - INFO - Is all required columns present in test df
[ 2022-12-06 22:01:36,339 ] 143 root - INFO - Write reprt in yaml file
[ 2022-12-06 22:01:36,343 ] 148 root - INFO - Data validation artifact: DataValidationArtifact(report_file_path='/config/workspace/artifact/12062022__220115/data_validation/report.yaml')
