[ 2022-12-08 22:58:56,380 ] 4 root - INFO - importing environment variables from .env files
[ 2022-12-08 22:58:57,471 ] 20 root - INFO - Exporting collection data as pandas dataframe
[ 2022-12-08 22:58:57,471 ] 21 root - INFO - Reading Data from Database aps and Collection sensor
[ 2022-12-08 22:59:01,023 ] 23 root - INFO - Found columns: Index(['_id', 'class', 'aa_000', 'ab_000', 'ac_000', 'ad_000', 'ae_000',
       'af_000', 'ag_000', 'ag_001',
       ...
       'ee_002', 'ee_003', 'ee_004', 'ee_005', 'ee_006', 'ee_007', 'ee_008',
       'ee_009', 'ef_000', 'eg_000'],
      dtype='object', length=172)
[ 2022-12-08 22:59:01,023 ] 25 root - INFO - Dropping id column from the dataframe
[ 2022-12-08 22:59:01,210 ] 27 root - INFO - Rows and columns: (36188, 171)
[ 2022-12-08 22:59:01,741 ] 29 root - INFO - Create feature store folder if not available
[ 2022-12-08 22:59:04,330 ] 36 root - INFO - split dataset into train and test set
[ 2022-12-08 22:59:04,888 ] 40 root - INFO - Create dataset directory if not exist
[ 2022-12-08 22:59:04,888 ] 45 root - INFO - Save df to feature store folder
[ 2022-12-08 22:59:07,124 ] 58 root - INFO - Data ingestion artifact: DataIngestionArtifact(feature_store_file_path='/config/workspace/artifact/12082022__225857/data_ingestion/feature_store/sensor.csv', train_file_path='/config/workspace/artifact/12082022__225857/data_ingestion/dataset/train.csv', test_file_path='/config/workspace/artifact/12082022__225857/data_ingestion/dataset/test.csv')
[ 2022-12-08 22:59:07,594 ] 18 root - INFO - >>>>>>>>>>>>>>>>>>>>>>>>>>>>>>>>>>>>>>>> Data Validation >>>>>>>>>>>>>>>>>>>>>>>>>>>>>>>>>>>>>>>>
[ 2022-12-08 22:59:07,594 ] 106 root - INFO - Reading base dataframe
[ 2022-12-08 22:59:10,463 ] 109 root - INFO - Replace na value in base df
[ 2022-12-08 22:59:10,463 ] 111 root - INFO - Drop null values colums from base df
[ 2022-12-08 22:59:11,340 ] 39 root - INFO - selecting column name which contains null above to 0.2
[ 2022-12-08 22:59:11,341 ] 43 root - INFO - Columns to drop: ['ab_000', 'ad_000', 'bk_000', 'bl_000', 'bm_000', 'bn_000', 'bo_000', 'bp_000', 'bq_000', 'br_000', 'cf_000', 'cg_000', 'ch_000', 'co_000', 'cr_000', 'ct_000', 'cu_000', 'cv_000', 'cx_000', 'cy_000', 'cz_000', 'da_000', 'db_000', 'dc_000']
[ 2022-12-08 22:59:11,423 ] 114 root - INFO - Reading train dataframe
[ 2022-12-08 22:59:11,795 ] 116 root - INFO - Reading test dataframe
[ 2022-12-08 22:59:11,902 ] 119 root - INFO - Drop null values colums from train df
[ 2022-12-08 22:59:11,922 ] 39 root - INFO - selecting column name which contains null above to 0.2
[ 2022-12-08 22:59:11,922 ] 43 root - INFO - Columns to drop: ['ab_000', 'ad_000', 'bk_000', 'bl_000', 'bm_000', 'bn_000', 'bo_000', 'bp_000', 'bq_000', 'br_000', 'cf_000', 'cg_000', 'ch_000', 'co_000', 'cr_000', 'ct_000', 'cu_000', 'cv_000', 'cx_000', 'cy_000', 'cz_000', 'da_000', 'db_000', 'dc_000']
[ 2022-12-08 22:59:11,934 ] 121 root - INFO - Drop null values colums from test df
[ 2022-12-08 22:59:11,938 ] 39 root - INFO - selecting column name which contains null above to 0.2
[ 2022-12-08 22:59:11,938 ] 43 root - INFO - Columns to drop: ['ab_000', 'ad_000', 'bk_000', 'bl_000', 'bm_000', 'bn_000', 'bo_000', 'bp_000', 'bq_000', 'br_000', 'cf_000', 'cg_000', 'ch_000', 'co_000', 'cr_000', 'ct_000', 'cu_000', 'cv_000', 'cx_000', 'cy_000', 'cz_000', 'da_000', 'db_000', 'dc_000']
[ 2022-12-08 22:59:17,732 ] 130 root - INFO - Is all required columns present in train df
[ 2022-12-08 22:59:17,732 ] 132 root - INFO - Is all required columns present in test df
[ 2022-12-08 22:59:17,732 ] 143 root - INFO - Write reprt in yaml file
[ 2022-12-08 22:59:17,736 ] 148 root - INFO - Data validation artifact: DataValidationArtifact(report_file_path='/config/workspace/artifact/12082022__225857/data_validation/report.yaml')
[ 2022-12-08 22:59:18,582 ] 71 root - INFO - Before resampling in training set Input: (28950, 170) Target:(28950,)
[ 2022-12-08 22:59:24,459 ] 73 root - INFO - After resampling in training set Input: (56160, 170) Target:(56160,)
[ 2022-12-08 22:59:24,459 ] 75 root - INFO - Before resampling in testing set Input: (7238, 170) Target:(7238,)
[ 2022-12-08 22:59:25,110 ] 77 root - INFO - After resampling in testing set Input: (14044, 170) Target:(14044,)
[ 2022-12-08 22:59:25,220 ] 56 root - INFO - Entered the save_object method of utils
[ 2022-12-08 22:59:25,223 ] 60 root - INFO - Exited the save_object method of utils
[ 2022-12-08 22:59:25,224 ] 56 root - INFO - Entered the save_object method of utils
[ 2022-12-08 22:59:25,224 ] 60 root - INFO - Exited the save_object method of utils
[ 2022-12-08 22:59:25,224 ] 97 root - INFO - Data transformation object DataTransformationArtifact(transform_object_path='/config/workspace/artifact/12082022__225857/data_transformation/transformer/transformer.pkl', transformed_train_path='/config/workspace/artifact/12082022__225857/data_transformation/transformed/train.npz', transformed_test_path='/config/workspace/artifact/12082022__225857/data_transformation/transformed/test.npz', target_encoder_path='/config/workspace/artifact/12082022__225857/data_transformation/target_encoder/target_encoder.pkl')
[ 2022-12-08 22:59:25,226 ] 40 root - INFO - Loading train and test array.
[ 2022-12-08 22:59:25,226 ] 41 root - WARNING - Error occurred python script name [/config/workspace/sensor/components/model_trainer.py] line number [41] error message ['NoneType' object has no attribute 'transformed_train_path']
