[ 2022-12-08 23:30:49,542 ] 4 root - INFO - importing environment variables from .env files
[ 2022-12-08 23:30:50,628 ] 20 root - INFO - Exporting collection data as pandas dataframe
[ 2022-12-08 23:30:50,628 ] 21 root - INFO - Reading Data from Database aps and Collection sensor
[ 2022-12-08 23:30:54,510 ] 23 root - INFO - Found columns: Index(['_id', 'class', 'aa_000', 'ab_000', 'ac_000', 'ad_000', 'ae_000',
       'af_000', 'ag_000', 'ag_001',
       ...
       'ee_002', 'ee_003', 'ee_004', 'ee_005', 'ee_006', 'ee_007', 'ee_008',
       'ee_009', 'ef_000', 'eg_000'],
      dtype='object', length=172)
[ 2022-12-08 23:30:54,511 ] 25 root - INFO - Dropping id column from the dataframe
[ 2022-12-08 23:30:54,716 ] 27 root - INFO - Rows and columns: (36188, 171)
[ 2022-12-08 23:30:55,424 ] 29 root - INFO - Create feature store folder if not available
[ 2022-12-08 23:30:58,052 ] 36 root - INFO - split dataset into train and test set
[ 2022-12-08 23:30:58,771 ] 40 root - INFO - Create dataset directory if not exist
[ 2022-12-08 23:30:58,771 ] 45 root - INFO - Save df to feature store folder
[ 2022-12-08 23:31:01,176 ] 58 root - INFO - Data ingestion artifact: DataIngestionArtifact(feature_store_file_path='/config/workspace/artifact/12082022__233050/data_ingestion/feature_store/sensor.csv', train_file_path='/config/workspace/artifact/12082022__233050/data_ingestion/dataset/train.csv', test_file_path='/config/workspace/artifact/12082022__233050/data_ingestion/dataset/test.csv')
[ 2022-12-08 23:31:01,719 ] 18 root - INFO - >>>>>>>>>>>>>>>>>>>>>>>>>>>>>>>>>>>>>>>> Data Validation >>>>>>>>>>>>>>>>>>>>>>>>>>>>>>>>>>>>>>>>
[ 2022-12-08 23:31:01,719 ] 106 root - INFO - Reading base dataframe
[ 2022-12-08 23:31:04,573 ] 109 root - INFO - Replace na value in base df
[ 2022-12-08 23:31:04,573 ] 111 root - INFO - Drop null values colums from base df
[ 2022-12-08 23:31:05,478 ] 39 root - INFO - selecting column name which contains null above to 0.2
[ 2022-12-08 23:31:05,479 ] 43 root - INFO - Columns to drop: ['ab_000', 'ad_000', 'bk_000', 'bl_000', 'bm_000', 'bn_000', 'bo_000', 'bp_000', 'bq_000', 'br_000', 'cf_000', 'cg_000', 'ch_000', 'co_000', 'cr_000', 'ct_000', 'cu_000', 'cv_000', 'cx_000', 'cy_000', 'cz_000', 'da_000', 'db_000', 'dc_000']
[ 2022-12-08 23:31:05,565 ] 114 root - INFO - Reading train dataframe
[ 2022-12-08 23:31:05,962 ] 116 root - INFO - Reading test dataframe
[ 2022-12-08 23:31:06,059 ] 119 root - INFO - Drop null values colums from train df
[ 2022-12-08 23:31:06,070 ] 39 root - INFO - selecting column name which contains null above to 0.2
[ 2022-12-08 23:31:06,071 ] 43 root - INFO - Columns to drop: ['ab_000', 'ad_000', 'bk_000', 'bl_000', 'bm_000', 'bn_000', 'bo_000', 'bp_000', 'bq_000', 'br_000', 'cf_000', 'cg_000', 'ch_000', 'co_000', 'cr_000', 'ct_000', 'cu_000', 'cv_000', 'cx_000', 'cy_000', 'cz_000', 'da_000', 'db_000', 'dc_000']
[ 2022-12-08 23:31:06,083 ] 121 root - INFO - Drop null values colums from test df
[ 2022-12-08 23:31:06,087 ] 39 root - INFO - selecting column name which contains null above to 0.2
[ 2022-12-08 23:31:06,088 ] 43 root - INFO - Columns to drop: ['ab_000', 'ad_000', 'bk_000', 'bl_000', 'bm_000', 'bn_000', 'bo_000', 'bp_000', 'bq_000', 'br_000', 'cf_000', 'cg_000', 'ch_000', 'co_000', 'cr_000', 'ct_000', 'cu_000', 'cv_000', 'cx_000', 'cy_000', 'cz_000', 'da_000', 'db_000', 'dc_000']
[ 2022-12-08 23:31:11,935 ] 130 root - INFO - Is all required columns present in train df
[ 2022-12-08 23:31:11,936 ] 132 root - INFO - Is all required columns present in test df
[ 2022-12-08 23:31:11,936 ] 143 root - INFO - Write reprt in yaml file
[ 2022-12-08 23:31:11,940 ] 148 root - INFO - Data validation artifact: DataValidationArtifact(report_file_path='/config/workspace/artifact/12082022__233050/data_validation/report.yaml')
[ 2022-12-08 23:31:12,845 ] 71 root - INFO - Before resampling in training set Input: (28950, 170) Target:(28950,)
[ 2022-12-08 23:31:19,605 ] 73 root - INFO - After resampling in training set Input: (56276, 170) Target:(56276,)
[ 2022-12-08 23:31:19,605 ] 75 root - INFO - Before resampling in testing set Input: (7238, 170) Target:(7238,)
[ 2022-12-08 23:31:20,502 ] 77 root - INFO - After resampling in testing set Input: (13970, 170) Target:(13970,)
[ 2022-12-08 23:31:20,614 ] 56 root - INFO - Entered the save_object method of utils
[ 2022-12-08 23:31:20,617 ] 60 root - INFO - Exited the save_object method of utils
[ 2022-12-08 23:31:20,617 ] 56 root - INFO - Entered the save_object method of utils
[ 2022-12-08 23:31:20,618 ] 60 root - INFO - Exited the save_object method of utils
[ 2022-12-08 23:31:20,618 ] 97 root - INFO - Data transformation object DataTransformationArtifact(transform_object_path='/config/workspace/artifact/12082022__233050/data_transformation/transformer/transformer.pkl', transformed_train_path='/config/workspace/artifact/12082022__233050/data_transformation/transformed/train.npz', transformed_test_path='/config/workspace/artifact/12082022__233050/data_transformation/transformed/test.npz', target_encoder_path='/config/workspace/artifact/12082022__233050/data_transformation/target_encoder/target_encoder.pkl')
[ 2022-12-08 23:31:20,619 ] 41 root - INFO - Loading train and test array.
[ 2022-12-08 23:31:20,650 ] 45 root - INFO - Splitting input and target feature from both train and test arr.
[ 2022-12-08 23:31:20,651 ] 49 root - INFO - Train the model
[ 2022-12-08 23:31:33,890 ] 52 root - INFO - Calculating f1 train score
[ 2022-12-08 23:31:33,945 ] 56 root - INFO - Calculating f1 test score
[ 2022-12-08 23:31:33,963 ] 60 root - INFO - Checking if our model is underfitting or not
[ 2022-12-08 23:31:33,963 ] 65 root - INFO - Checking if our model is overfiiting or not
[ 2022-12-08 23:31:33,963 ] 71 root - INFO - Saving mode object
[ 2022-12-08 23:31:33,964 ] 56 root - INFO - Entered the save_object method of utils
[ 2022-12-08 23:31:33,969 ] 60 root - INFO - Exited the save_object method of utils
[ 2022-12-08 23:31:33,969 ] 75 root - INFO - Prepare the artifact
[ 2022-12-08 23:31:33,969 ] 78 root - INFO - Model trainer artifact: ModelTrainerArtifact(model_path='/config/workspace/artifact/12082022__233050/model_trainer/model/model.pkl', f1_train_score=1.0, f1_test_score=0.9862815884476533)
