[ 2022-12-08 22:51:52,879 ] 4 root - INFO - importing environment variables from .env files
[ 2022-12-08 22:51:54,105 ] 20 root - INFO - Exporting collection data as pandas dataframe
[ 2022-12-08 22:51:54,105 ] 21 root - INFO - Reading Data from Database aps and Collection sensor
[ 2022-12-08 22:51:57,629 ] 23 root - INFO - Found columns: Index(['_id', 'class', 'aa_000', 'ab_000', 'ac_000', 'ad_000', 'ae_000',
       'af_000', 'ag_000', 'ag_001',
       ...
       'ee_002', 'ee_003', 'ee_004', 'ee_005', 'ee_006', 'ee_007', 'ee_008',
       'ee_009', 'ef_000', 'eg_000'],
      dtype='object', length=172)
[ 2022-12-08 22:51:57,629 ] 25 root - INFO - Dropping id column from the dataframe
[ 2022-12-08 22:51:57,825 ] 27 root - INFO - Rows and columns: (36188, 171)
[ 2022-12-08 22:51:58,356 ] 29 root - INFO - Create feature store folder if not available
[ 2022-12-08 22:52:00,738 ] 36 root - INFO - split dataset into train and test set
[ 2022-12-08 22:52:01,213 ] 40 root - INFO - Create dataset directory if not exist
[ 2022-12-08 22:52:01,214 ] 45 root - INFO - Save df to feature store folder
[ 2022-12-08 22:52:03,301 ] 58 root - INFO - Data ingestion artifact: DataIngestionArtifact(feature_store_file_path='/config/workspace/artifact/12082022__225154/data_ingestion/feature_store/sensor.csv', train_file_path='/config/workspace/artifact/12082022__225154/data_ingestion/dataset/train.csv', test_file_path='/config/workspace/artifact/12082022__225154/data_ingestion/dataset/test.csv')
[ 2022-12-08 22:52:03,671 ] 18 root - INFO - >>>>>>>>>>>>>>>>>>>>>>>>>>>>>>>>>>>>>>>> Data Validation >>>>>>>>>>>>>>>>>>>>>>>>>>>>>>>>>>>>>>>>
[ 2022-12-08 22:52:03,672 ] 106 root - INFO - Reading base dataframe
[ 2022-12-08 22:52:06,403 ] 109 root - INFO - Replace na value in base df
[ 2022-12-08 22:52:06,403 ] 111 root - INFO - Drop null values colums from base df
[ 2022-12-08 22:52:07,279 ] 39 root - INFO - selecting column name which contains null above to 0.2
[ 2022-12-08 22:52:07,279 ] 43 root - INFO - Columns to drop: ['ab_000', 'ad_000', 'bk_000', 'bl_000', 'bm_000', 'bn_000', 'bo_000', 'bp_000', 'bq_000', 'br_000', 'cf_000', 'cg_000', 'ch_000', 'co_000', 'cr_000', 'ct_000', 'cu_000', 'cv_000', 'cx_000', 'cy_000', 'cz_000', 'da_000', 'db_000', 'dc_000']
[ 2022-12-08 22:52:07,359 ] 114 root - INFO - Reading train dataframe
[ 2022-12-08 22:52:07,735 ] 116 root - INFO - Reading test dataframe
[ 2022-12-08 22:52:07,836 ] 119 root - INFO - Drop null values colums from train df
[ 2022-12-08 22:52:07,848 ] 39 root - INFO - selecting column name which contains null above to 0.2
[ 2022-12-08 22:52:07,848 ] 43 root - INFO - Columns to drop: ['ab_000', 'ad_000', 'bk_000', 'bl_000', 'bm_000', 'bn_000', 'bo_000', 'bp_000', 'bq_000', 'br_000', 'cf_000', 'cg_000', 'ch_000', 'co_000', 'cr_000', 'ct_000', 'cu_000', 'cv_000', 'cx_000', 'cy_000', 'cz_000', 'da_000', 'db_000', 'dc_000']
[ 2022-12-08 22:52:07,855 ] 121 root - INFO - Drop null values colums from test df
[ 2022-12-08 22:52:07,859 ] 39 root - INFO - selecting column name which contains null above to 0.2
[ 2022-12-08 22:52:07,859 ] 43 root - INFO - Columns to drop: ['ab_000', 'ad_000', 'bk_000', 'bl_000', 'bm_000', 'bn_000', 'bo_000', 'bp_000', 'bq_000', 'br_000', 'cf_000', 'cg_000', 'ch_000', 'co_000', 'cr_000', 'ct_000', 'cu_000', 'cv_000', 'cx_000', 'cy_000', 'cz_000', 'da_000', 'db_000', 'dc_000']
[ 2022-12-08 22:52:13,640 ] 130 root - INFO - Is all required columns present in train df
[ 2022-12-08 22:52:13,640 ] 132 root - INFO - Is all required columns present in test df
[ 2022-12-08 22:52:13,641 ] 143 root - INFO - Write reprt in yaml file
[ 2022-12-08 22:52:13,644 ] 148 root - INFO - Data validation artifact: DataValidationArtifact(report_file_path='/config/workspace/artifact/12082022__225154/data_validation/report.yaml')
[ 2022-12-08 22:52:14,565 ] 71 root - INFO - Before resampling in training set Input: (28950, 170) Target:(28950,)
[ 2022-12-08 22:52:19,913 ] 73 root - INFO - After resampling in training set Input: (56176, 170) Target:(56176,)
[ 2022-12-08 22:52:19,913 ] 75 root - INFO - Before resampling in testing set Input: (7238, 170) Target:(7238,)
[ 2022-12-08 22:52:20,708 ] 77 root - INFO - After resampling in testing set Input: (14038, 170) Target:(14038,)
[ 2022-12-08 22:52:20,812 ] 41 root - WARNING - Error occurred python script name [/config/workspace/sensor/components/data_transformation.py] line number [86] error message ['DataTransformationConfig' object has no attribute 'tranform_object_path']
