[ 2022-12-09 09:51:57,981 ] 4 root - INFO - importing environment variables from .env files
[ 2022-12-09 09:51:59,104 ] 20 root - INFO - Exporting collection data as pandas dataframe
[ 2022-12-09 09:51:59,104 ] 21 root - INFO - Reading Data from Database aps and Collection sensor
[ 2022-12-09 09:52:02,616 ] 23 root - INFO - Found columns: Index(['_id', 'class', 'aa_000', 'ab_000', 'ac_000', 'ad_000', 'ae_000',
       'af_000', 'ag_000', 'ag_001',
       ...
       'ee_002', 'ee_003', 'ee_004', 'ee_005', 'ee_006', 'ee_007', 'ee_008',
       'ee_009', 'ef_000', 'eg_000'],
      dtype='object', length=172)
[ 2022-12-09 09:52:02,616 ] 25 root - INFO - Dropping id column from the dataframe
[ 2022-12-09 09:52:02,817 ] 27 root - INFO - Rows and columns: (36188, 171)
[ 2022-12-09 09:52:03,373 ] 29 root - INFO - Create feature store folder if not available
[ 2022-12-09 09:52:05,860 ] 36 root - INFO - split dataset into train and test set
[ 2022-12-09 09:52:06,371 ] 40 root - INFO - Create dataset directory if not exist
[ 2022-12-09 09:52:06,371 ] 45 root - INFO - Save df to feature store folder
[ 2022-12-09 09:52:08,563 ] 58 root - INFO - Data ingestion artifact: DataIngestionArtifact(feature_store_file_path='/config/workspace/artifact/12092022__095159/data_ingestion/feature_store/sensor.csv', train_file_path='/config/workspace/artifact/12092022__095159/data_ingestion/dataset/train.csv', test_file_path='/config/workspace/artifact/12092022__095159/data_ingestion/dataset/test.csv')
[ 2022-12-09 09:52:08,921 ] 18 root - INFO - >>>>>>>>>>>>>>>>>>>>>>>>>>>>>>>>>>>>>>>> Data Validation >>>>>>>>>>>>>>>>>>>>>>>>>>>>>>>>>>>>>>>>
[ 2022-12-09 09:52:08,922 ] 106 root - INFO - Reading base dataframe
[ 2022-12-09 09:52:11,693 ] 109 root - INFO - Replace na value in base df
[ 2022-12-09 09:52:11,693 ] 111 root - INFO - Drop null values colums from base df
[ 2022-12-09 09:52:12,681 ] 39 root - INFO - selecting column name which contains null above to 0.2
[ 2022-12-09 09:52:12,682 ] 43 root - INFO - Columns to drop: ['ab_000', 'ad_000', 'bk_000', 'bl_000', 'bm_000', 'bn_000', 'bo_000', 'bp_000', 'bq_000', 'br_000', 'cf_000', 'cg_000', 'ch_000', 'co_000', 'cr_000', 'ct_000', 'cu_000', 'cv_000', 'cx_000', 'cy_000', 'cz_000', 'da_000', 'db_000', 'dc_000']
[ 2022-12-09 09:52:12,762 ] 114 root - INFO - Reading train dataframe
[ 2022-12-09 09:52:13,132 ] 116 root - INFO - Reading test dataframe
[ 2022-12-09 09:52:13,233 ] 119 root - INFO - Drop null values colums from train df
[ 2022-12-09 09:52:13,244 ] 39 root - INFO - selecting column name which contains null above to 0.2
[ 2022-12-09 09:52:13,245 ] 43 root - INFO - Columns to drop: ['ab_000', 'ad_000', 'bk_000', 'bl_000', 'bm_000', 'bn_000', 'bo_000', 'bp_000', 'bq_000', 'br_000', 'cf_000', 'cg_000', 'ch_000', 'co_000', 'cr_000', 'ct_000', 'cu_000', 'cv_000', 'cx_000', 'cy_000', 'cz_000', 'da_000', 'db_000', 'dc_000']
[ 2022-12-09 09:52:13,251 ] 121 root - INFO - Drop null values colums from test df
[ 2022-12-09 09:52:13,255 ] 39 root - INFO - selecting column name which contains null above to 0.2
[ 2022-12-09 09:52:13,256 ] 43 root - INFO - Columns to drop: ['ab_000', 'ad_000', 'bk_000', 'bl_000', 'bm_000', 'bn_000', 'bo_000', 'bp_000', 'bq_000', 'br_000', 'cf_000', 'cg_000', 'ch_000', 'co_000', 'cr_000', 'ct_000', 'cu_000', 'cv_000', 'cx_000', 'cy_000', 'cz_000', 'da_000', 'db_000', 'dc_000']
[ 2022-12-09 09:52:19,013 ] 130 root - INFO - Is all required columns present in train df
[ 2022-12-09 09:52:19,014 ] 132 root - INFO - Is all required columns present in test df
[ 2022-12-09 09:52:19,014 ] 143 root - INFO - Write reprt in yaml file
[ 2022-12-09 09:52:19,018 ] 148 root - INFO - Data validation artifact: DataValidationArtifact(report_file_path='/config/workspace/artifact/12092022__095159/data_validation/report.yaml')
[ 2022-12-09 09:52:19,924 ] 71 root - INFO - Before resampling in training set Input: (28950, 170) Target:(28950,)
[ 2022-12-09 09:52:25,386 ] 73 root - INFO - After resampling in training set Input: (56166, 170) Target:(56166,)
[ 2022-12-09 09:52:25,386 ] 75 root - INFO - Before resampling in testing set Input: (7238, 170) Target:(7238,)
[ 2022-12-09 09:52:25,933 ] 77 root - INFO - After resampling in testing set Input: (14020, 170) Target:(14020,)
[ 2022-12-09 09:52:26,043 ] 56 root - INFO - Entered the save_object method of utils
[ 2022-12-09 09:52:26,047 ] 60 root - INFO - Exited the save_object method of utils
[ 2022-12-09 09:52:26,047 ] 56 root - INFO - Entered the save_object method of utils
[ 2022-12-09 09:52:26,048 ] 60 root - INFO - Exited the save_object method of utils
[ 2022-12-09 09:52:26,048 ] 97 root - INFO - Data transformation object DataTransformationArtifact(transform_object_path='/config/workspace/artifact/12092022__095159/data_transformation/transformer/transformer.pkl', transformed_train_path='/config/workspace/artifact/12092022__095159/data_transformation/transformed/train.npz', transformed_test_path='/config/workspace/artifact/12092022__095159/data_transformation/transformed/test.npz', target_encoder_path='/config/workspace/artifact/12092022__095159/data_transformation/target_encoder/target_encoder.pkl')
[ 2022-12-09 09:52:26,049 ] 41 root - INFO - Loading train and test array.
[ 2022-12-09 09:52:26,080 ] 45 root - INFO - Splitting input and target feature from both train and test arr.
[ 2022-12-09 09:52:26,081 ] 49 root - INFO - Train the model
[ 2022-12-09 09:52:34,818 ] 52 root - INFO - Calculating f1 train score
[ 2022-12-09 09:52:34,873 ] 56 root - INFO - Calculating f1 test score
[ 2022-12-09 09:52:34,889 ] 60 root - INFO - Checking if our model is underfitting or not
[ 2022-12-09 09:52:34,889 ] 65 root - INFO - Checking if our model is overfiiting or not
[ 2022-12-09 09:52:34,889 ] 71 root - INFO - Saving mode object
[ 2022-12-09 09:52:34,889 ] 56 root - INFO - Entered the save_object method of utils
[ 2022-12-09 09:52:34,895 ] 60 root - INFO - Exited the save_object method of utils
[ 2022-12-09 09:52:34,895 ] 75 root - INFO - Prepare the artifact
[ 2022-12-09 09:52:34,895 ] 78 root - INFO - Model trainer artifact: ModelTrainerArtifact(model_path='/config/workspace/artifact/12092022__095159/model_trainer/model/model.pkl', f1_train_score=0.9999821953173685, f1_test_score=0.9836183878184311)
[ 2022-12-09 09:52:34,897 ] 15 root - INFO - >>>>>>>>>>>>>>>>>>>>>>>>>>>>>>>>>>>>>>>>  Model Evaluation <<<<<<<<<<<<<<<<<<<<<<<<<<<<<<<<<<<<<<<<
[ 2022-12-09 09:52:34,898 ] 49 root - WARNING - Error occurred python script name [/config/workspace/sensor/components/model_evaluation.py] line number [31] error message [Error occurred python script name [/config/workspace/sensor/predictor.py] line number [28] error message [max() arg is an empty sequence]]
